<?xml version="1.0" encoding="UTF-8"?>
<!-- Generated by org.testng.reporters.JUnitReportReporter -->
<testsuite hostname="DESKTOP-NA2IHPB" failures="0" tests="8" name="com.OpenMRS.TestRunnerChrome" time="75.738" errors="0" timestamp="2024-01-11T02:21:27 IST" skipped="0">
  <testcase classname="com.OpenMRS.TestRunnerChrome" name="tc02" time="5.692"/>
  <system-out/>
  <testcase classname="com.OpenMRS.TestRunnerChrome" name="tc05" time="2.295"/>
  <system-out/>
  <testcase classname="com.OpenMRS.TestRunnerChrome" name="tc06" time="17.907"/>
  <system-out/>
  <testcase classname="com.OpenMRS.TestRunnerChrome" name="tc08" time="0.275"/>
  <system-out/>
  <testcase classname="com.OpenMRS.TestRunnerChrome" name="tc01" time="5.597"/>
  <system-out/>
  <testcase classname="com.OpenMRS.TestRunnerChrome" name="tc04" time="23.032"/>
  <system-out/>
  <testcase classname="com.OpenMRS.TestRunnerChrome" name="tc03" time="5.641"/>
  <system-out/>
  <testcase classname="com.OpenMRS.TestRunnerChrome" name="tc07" time="15.299"/>
  <system-out/>
</testsuite> <!-- com.OpenMRS.TestRunnerChrome -->
