<?xml version="1.0" encoding="UTF-8"?>
<!-- Generated by org.testng.reporters.JUnitReportReporter -->
<testsuite hostname="DESKTOP-NA2IHPB" failures="0" tests="8" name="com.OpenMRS.TestRunnerEdge" time="84.381" errors="0" timestamp="2024-01-14T12:16:40 IST" skipped="0">
  <testcase classname="com.OpenMRS.TestRunnerEdge" name="tc07" time="16.463"/>
  <system-out/>
  <testcase classname="com.OpenMRS.TestRunnerEdge" name="tc05" time="2.226"/>
  <system-out/>
  <testcase classname="com.OpenMRS.TestRunnerEdge" name="tc03" time="6.989"/>
  <system-out/>
  <testcase classname="com.OpenMRS.TestRunnerEdge" name="tc08" time="0.353"/>
  <system-out/>
  <testcase classname="com.OpenMRS.TestRunnerEdge" name="tc04" time="23.773"/>
  <system-out/>
  <testcase classname="com.OpenMRS.TestRunnerEdge" name="tc02" time="7.900"/>
  <system-out/>
  <testcase classname="com.OpenMRS.TestRunnerEdge" name="tc06" time="13.625"/>
  <system-out/>
  <testcase classname="com.OpenMRS.TestRunnerEdge" name="tc01" time="13.052"/>
  <system-out/>
</testsuite> <!-- com.OpenMRS.TestRunnerEdge -->
