<?xml version="1.0" encoding="UTF-8"?>
<!-- Generated by org.testng.reporters.JUnitReportReporter -->
<testsuite hostname="DESKTOP-NA2IHPB" failures="0" tests="24" name="com.OpenMRS.TestRunner" time="235.670" errors="0" timestamp="2024-01-09T20:10:57 IST" skipped="0">
  <testcase classname="com.OpenMRS.TestRunner" name="tc01" time="5.257"/>
  <system-out/>
  <testcase classname="com.OpenMRS.TestRunner" name="tc01" time="9.986"/>
  <system-out/>
  <testcase classname="com.OpenMRS.TestRunner" name="tc08" time="0.492"/>
  <system-out/>
  <testcase classname="com.OpenMRS.TestRunner" name="tc08" time="0.292"/>
  <system-out/>
  <testcase classname="com.OpenMRS.TestRunner" name="tc03" time="7.217"/>
  <system-out/>
  <testcase classname="com.OpenMRS.TestRunner" name="tc04" time="13.603"/>
  <system-out/>
  <testcase classname="com.OpenMRS.TestRunner" name="tc07" time="14.818"/>
  <system-out/>
  <testcase classname="com.OpenMRS.TestRunner" name="tc05" time="4.243"/>
  <system-out/>
  <testcase classname="com.OpenMRS.TestRunner" name="tc04" time="23.479"/>
  <system-out/>
  <testcase classname="com.OpenMRS.TestRunner" name="tc04" time="13.711"/>
  <system-out/>
  <testcase classname="com.OpenMRS.TestRunner" name="tc01" time="6.851"/>
  <system-out/>
  <testcase classname="com.OpenMRS.TestRunner" name="tc05" time="2.600"/>
  <system-out/>
  <testcase classname="com.OpenMRS.TestRunner" name="tc06" time="13.052"/>
  <system-out/>
  <testcase classname="com.OpenMRS.TestRunner" name="tc02" time="7.331"/>
  <system-out/>
  <testcase classname="com.OpenMRS.TestRunner" name="tc07" time="14.858"/>
  <system-out/>
  <testcase classname="com.OpenMRS.TestRunner" name="tc06" time="19.027"/>
  <system-out/>
  <testcase classname="com.OpenMRS.TestRunner" name="tc07" time="36.383"/>
  <system-out/>
  <testcase classname="com.OpenMRS.TestRunner" name="tc02" time="6.726"/>
  <system-out/>
  <testcase classname="com.OpenMRS.TestRunner" name="tc03" time="5.333"/>
  <system-out/>
  <testcase classname="com.OpenMRS.TestRunner" name="tc03" time="8.247"/>
  <system-out/>
  <testcase classname="com.OpenMRS.TestRunner" name="tc08" time="0.182"/>
  <system-out/>
  <testcase classname="com.OpenMRS.TestRunner" name="tc02" time="6.121"/>
  <system-out/>
  <testcase classname="com.OpenMRS.TestRunner" name="tc05" time="2.889"/>
  <system-out/>
  <testcase classname="com.OpenMRS.TestRunner" name="tc06" time="12.972"/>
  <system-out/>
</testsuite> <!-- com.OpenMRS.TestRunner -->
