<?xml version="1.0" encoding="UTF-8"?>
<!-- Generated by org.testng.reporters.JUnitReportReporter -->
<testsuite hostname="DESKTOP-NA2IHPB" failures="0" tests="8" name="com.OpenMRS.TestRunnerChrome" time="81.733" errors="0" timestamp="2024-01-14T12:16:40 IST" skipped="0">
  <testcase classname="com.OpenMRS.TestRunnerChrome" name="tc01" time="8.388"/>
  <system-out/>
  <testcase classname="com.OpenMRS.TestRunnerChrome" name="tc07" time="17.247"/>
  <system-out/>
  <testcase classname="com.OpenMRS.TestRunnerChrome" name="tc03" time="6.594"/>
  <system-out/>
  <testcase classname="com.OpenMRS.TestRunnerChrome" name="tc06" time="15.909"/>
  <system-out/>
  <testcase classname="com.OpenMRS.TestRunnerChrome" name="tc08" time="0.319"/>
  <system-out/>
  <testcase classname="com.OpenMRS.TestRunnerChrome" name="tc02" time="7.367"/>
  <system-out/>
  <testcase classname="com.OpenMRS.TestRunnerChrome" name="tc05" time="2.207"/>
  <system-out/>
  <testcase classname="com.OpenMRS.TestRunnerChrome" name="tc04" time="23.702"/>
  <system-out/>
</testsuite> <!-- com.OpenMRS.TestRunnerChrome -->
