<?xml version="1.0" encoding="UTF-8"?>
<!-- Generated by org.testng.reporters.JUnitReportReporter -->
<testsuite hostname="DESKTOP-NA2IHPB" failures="0" tests="8" name="com.OpenMRS.TestRunnerFirefox" time="85.231" errors="0" timestamp="2024-01-11T01:18:01 IST" skipped="0">
  <testcase classname="com.OpenMRS.TestRunnerFirefox" name="tc07" time="22.268"/>
  <system-out/>
  <testcase classname="com.OpenMRS.TestRunnerFirefox" name="tc03" time="5.842"/>
  <system-out/>
  <testcase classname="com.OpenMRS.TestRunnerFirefox" name="tc02" time="6.418"/>
  <system-out/>
  <testcase classname="com.OpenMRS.TestRunnerFirefox" name="tc08" time="0.534"/>
  <system-out/>
  <testcase classname="com.OpenMRS.TestRunnerFirefox" name="tc06" time="15.445"/>
  <system-out/>
  <testcase classname="com.OpenMRS.TestRunnerFirefox" name="tc01" time="7.543"/>
  <system-out/>
  <testcase classname="com.OpenMRS.TestRunnerFirefox" name="tc04" time="24.707"/>
  <system-out/>
  <testcase classname="com.OpenMRS.TestRunnerFirefox" name="tc05" time="2.474"/>
  <system-out/>
</testsuite> <!-- com.OpenMRS.TestRunnerFirefox -->
