<?xml version="1.0" encoding="UTF-8"?>
<!-- Generated by org.testng.reporters.JUnitReportReporter -->
<testsuite hostname="DESKTOP-NA2IHPB" failures="0" tests="8" name="com.OpenMRS.TestRunnerEdge" time="71.609" errors="0" timestamp="2024-01-11T01:18:01 IST" skipped="0">
  <testcase classname="com.OpenMRS.TestRunnerEdge" name="tc03" time="6.507"/>
  <system-out/>
  <testcase classname="com.OpenMRS.TestRunnerEdge" name="tc05" time="2.182"/>
  <system-out/>
  <testcase classname="com.OpenMRS.TestRunnerEdge" name="tc02" time="6.383"/>
  <system-out/>
  <testcase classname="com.OpenMRS.TestRunnerEdge" name="tc04" time="22.739"/>
  <system-out/>
  <testcase classname="com.OpenMRS.TestRunnerEdge" name="tc07" time="15.324"/>
  <system-out/>
  <testcase classname="com.OpenMRS.TestRunnerEdge" name="tc08" time="0.324"/>
  <system-out/>
  <testcase classname="com.OpenMRS.TestRunnerEdge" name="tc06" time="11.790"/>
  <system-out/>
  <testcase classname="com.OpenMRS.TestRunnerEdge" name="tc01" time="6.360"/>
  <system-out/>
</testsuite> <!-- com.OpenMRS.TestRunnerEdge -->
