<?xml version="1.0" encoding="UTF-8"?>
<!-- Generated by org.testng.reporters.JUnitReportReporter -->
<testsuite hostname="DESKTOP-NA2IHPB" failures="0" tests="8" name="com.OpenMRS.TestRunnerFirefox" time="96.131" errors="0" timestamp="2024-01-14T12:16:40 IST" skipped="0">
  <testcase classname="com.OpenMRS.TestRunnerFirefox" name="tc01" time="8.181"/>
  <system-out/>
  <testcase classname="com.OpenMRS.TestRunnerFirefox" name="tc03" time="7.329"/>
  <system-out/>
  <testcase classname="com.OpenMRS.TestRunnerFirefox" name="tc05" time="2.480"/>
  <system-out/>
  <testcase classname="com.OpenMRS.TestRunnerFirefox" name="tc04" time="26.238"/>
  <system-out/>
  <testcase classname="com.OpenMRS.TestRunnerFirefox" name="tc07" time="26.086"/>
  <system-out/>
  <testcase classname="com.OpenMRS.TestRunnerFirefox" name="tc02" time="8.803"/>
  <system-out/>
  <testcase classname="com.OpenMRS.TestRunnerFirefox" name="tc06" time="16.396"/>
  <system-out/>
  <testcase classname="com.OpenMRS.TestRunnerFirefox" name="tc08" time="0.618"/>
  <system-out/>
</testsuite> <!-- com.OpenMRS.TestRunnerFirefox -->
