<?xml version="1.0" encoding="UTF-8"?>
<!-- Generated by org.testng.reporters.JUnitReportReporter -->
<testsuite hostname="DESKTOP-NA2IHPB" failures="0" tests="3" name="com.OpenMRS.TestRunner" time="33.725" errors="0" timestamp="2024-01-07T16:02:48 IST" skipped="0">
  <testcase classname="com.OpenMRS.TestRunner" name="tc01" time="3.655"/>
  <system-out/>
  <testcase classname="com.OpenMRS.TestRunner" name="tc03" time="0.005"/>
  <system-out/>
  <testcase classname="com.OpenMRS.TestRunner" name="tc02" time="30.065"/>
  <system-out/>
</testsuite> <!-- com.OpenMRS.TestRunner -->
